[INFO][user.go:90]2020/04/21 03:10:20 [userList: []]
[INFO][user.go:90]2020/04/21 03:10:37 [userList: []]
[INFO][user.go:90]2020/04/21 03:10:38 [userList: []]
[INFO][user.go:90]2020/04/21 03:10:48 [userList: []]
[INFO][user.go:90]2020/04/21 03:10:49 [userList: []]
[INFO][user.go:90]2020/04/21 03:10:50 [userList: []]
[INFO][user.go:90]2020/04/21 03:10:51 [userList: []]
[INFO][user.go:90]2020/04/21 03:10:52 [userList: []]
[INFO][user.go:90]2020/04/21 03:10:53 [userList: []]
[INFO][user.go:90]2020/04/21 03:10:54 [userList: []]
[INFO][user.go:90]2020/04/21 03:10:54 [userList: []]
[INFO][user.go:90]2020/04/21 03:10:55 [userList: []]
[INFO][user.go:90]2020/04/21 03:12:24 [userList: []]
[INFO][user.go:90]2020/04/21 03:14:40 [userList: []]
[INFO][user.go:90]2020/04/21 03:14:41 [userList: []]
[INFO][user.go:90]2020/04/21 03:19:24 [userList: []]
[INFO][user.go:90]2020/04/21 03:20:00 [userList: []]
[INFO][user.go:93]2020/04/21 03:25:54 [userList: []]
[INFO][user.go:93]2020/04/21 03:26:05 [userList: []]
[INFO][user.go:93]2020/04/21 04:00:32 [userList: []]
[INFO][user.go:93]2020/04/21 04:00:51 [userList: []]
[INFO][user.go:93]2020/04/21 04:02:54 [userList: []]
[INFO][redis.go:72]2020/04/21 04:04:40 [reply: []]
[INFO][user.go:93]2020/04/21 04:04:40 [userList: []]
[INFO][redis.go:72]2020/04/21 04:05:53 [reply: []]
[INFO][user.go:93]2020/04/21 04:05:53 [userList: []]
[INFO][redis.go:19]2020/04/21 12:16:33 [redisHost: 127.0.0.1:6379]
[INFO][redis.go:73]2020/04/21 12:16:33 [reply: []]
[INFO][user.go:93]2020/04/21 12:16:33 [userList: []]
[INFO][redis.go:19]2020/04/21 12:16:33 [redisHost: 127.0.0.1:6379]
[INFO][redis.go:19]2020/04/21 12:19:27 [redisHost: go-gin-redis:6379]
[INFO][redis.go:73]2020/04/21 12:19:27 [reply: []]
[INFO][user.go:93]2020/04/21 12:19:27 [userList: []]
[INFO][redis.go:73]2020/04/21 12:19:38 [reply: [34 87 51 115 105 97 87 81 105 79 106 69 115 73 109 53 104 98 87 85 105 79 105 76 111 116 98 88 107 118 90 122 109 114 97 89 105 76 67 74 108 98 87 70 112 98 67 73 54 73 109 100 104 98 50 90 104 98 109 82 112 77 84 73 122 78 106 89 51 78 48 65 120 77 106 89 117 89 50 57 116 73 105 119 105 99 71 70 122 99 51 100 118 99 109 81 105 79 105 73 48 77 68 77 120 77 122 73 52 77 68 81 105 76 67 74 68 99 109 86 104 100 71 86 107 81 88 81 105 79 105 73 121 77 68 73 119 76 84 65 48 76 84 69 52 86 68 69 121 79 106 65 52 79 106 85 50 87 105 73 115 73 108 86 119 90 71 70 48 90 87 82 66 100 67 73 54 73 106 73 119 77 106 65 116 77 68 81 116 77 84 104 85 77 84 73 54 77 68 103 54 78 84 90 97 73 110 49 100 34]]
[INFO][user.go:93]2020/04/21 12:19:38 [userList: []]
[INFO][redis.go:73]2020/04/21 12:20:24 [reply: [34 87 51 115 105 97 87 81 105 79 106 69 115 73 109 53 104 98 87 85 105 79 105 76 111 116 98 88 107 118 90 122 109 114 97 89 105 76 67 74 108 98 87 70 112 98 67 73 54 73 109 100 104 98 50 90 104 98 109 82 112 77 84 73 122 78 106 89 51 78 48 65 120 77 106 89 117 89 50 57 116 73 105 119 105 99 71 70 122 99 51 100 118 99 109 81 105 79 105 73 48 77 68 77 120 77 122 73 52 77 68 81 105 76 67 74 68 99 109 86 104 100 71 86 107 81 88 81 105 79 105 73 121 77 68 73 119 76 84 65 48 76 84 69 52 86 68 69 121 79 106 65 52 79 106 85 50 87 105 73 115 73 108 86 119 90 71 70 48 90 87 82 66 100 67 73 54 73 106 73 119 77 106 65 116 77 68 81 116 77 84 104 85 77 84 73 54 77 68 103 54 78 84 90 97 73 110 49 100 34]]
[INFO][user.go:93]2020/04/21 12:20:24 [userList: []]
[INFO][redis.go:73]2020/04/21 12:20:44 [reply: [34 87 51 115 105 97 87 81 105 79 106 69 115 73 109 53 104 98 87 85 105 79 105 76 111 116 98 88 107 118 90 122 109 114 97 89 105 76 67 74 108 98 87 70 112 98 67 73 54 73 109 100 104 98 50 90 104 98 109 82 112 77 84 73 122 78 106 89 51 78 48 65 120 77 106 89 117 89 50 57 116 73 105 119 105 99 71 70 122 99 51 100 118 99 109 81 105 79 105 73 48 77 68 77 120 77 122 73 52 77 68 81 105 76 67 74 68 99 109 86 104 100 71 86 107 81 88 81 105 79 105 73 121 77 68 73 119 76 84 65 48 76 84 69 52 86 68 69 121 79 106 65 52 79 106 85 50 87 105 73 115 73 108 86 119 90 71 70 48 90 87 82 66 100 67 73 54 73 106 73 119 77 106 65 116 77 68 81 116 77 84 104 85 77 84 73 54 77 68 103 54 78 84 90 97 73 110 49 100 34]]
[INFO][user.go:93]2020/04/21 12:20:44 [userList: []]
[INFO][redis.go:19]2020/04/21 12:29:54 [redisHost: go-gin-redis:6379]
[INFO][redis.go:73]2020/04/21 12:29:54 [reply: [34 87 51 115 105 97 87 81 105 79 106 69 115 73 109 53 104 98 87 85 105 79 105 76 111 116 98 88 107 118 90 122 109 114 97 89 105 76 67 74 108 98 87 70 112 98 67 73 54 73 109 100 104 98 50 90 104 98 109 82 112 77 84 73 122 78 106 89 51 78 48 65 120 77 106 89 117 89 50 57 116 73 105 119 105 99 71 70 122 99 51 100 118 99 109 81 105 79 105 73 48 77 68 77 120 77 122 73 52 77 68 81 105 76 67 74 68 99 109 86 104 100 71 86 107 81 88 81 105 79 105 73 121 77 68 73 119 76 84 65 48 76 84 69 52 86 68 69 121 79 106 65 52 79 106 85 50 87 105 73 115 73 108 86 119 90 71 70 48 90 87 82 66 100 67 73 54 73 106 73 119 77 106 65 116 77 68 81 116 77 84 104 85 77 84 73 54 77 68 103 54 78 84 90 97 73 110 49 100 34]]
[INFO][user.go:93]2020/04/21 12:29:54 [userList: []]
[INFO][redis.go:73]2020/04/21 12:29:56 [reply: [34 87 51 115 105 97 87 81 105 79 106 69 115 73 109 53 104 98 87 85 105 79 105 76 111 116 98 88 107 118 90 122 109 114 97 89 105 76 67 74 108 98 87 70 112 98 67 73 54 73 109 100 104 98 50 90 104 98 109 82 112 77 84 73 122 78 106 89 51 78 48 65 120 77 106 89 117 89 50 57 116 73 105 119 105 99 71 70 122 99 51 100 118 99 109 81 105 79 105 73 48 77 68 77 120 77 122 73 52 77 68 81 105 76 67 74 68 99 109 86 104 100 71 86 107 81 88 81 105 79 105 73 121 77 68 73 119 76 84 65 48 76 84 69 52 86 68 69 121 79 106 65 52 79 106 85 50 87 105 73 115 73 108 86 119 90 71 70 48 90 87 82 66 100 67 73 54 73 106 73 119 77 106 65 116 77 68 81 116 77 84 104 85 77 84 73 54 77 68 103 54 78 84 90 97 73 110 49 100 34]]
[INFO][user.go:93]2020/04/21 12:29:56 [userList: []]
[INFO][redis.go:73]2020/04/21 12:29:57 [reply: [34 87 51 115 105 97 87 81 105 79 106 69 115 73 109 53 104 98 87 85 105 79 105 76 111 116 98 88 107 118 90 122 109 114 97 89 105 76 67 74 108 98 87 70 112 98 67 73 54 73 109 100 104 98 50 90 104 98 109 82 112 77 84 73 122 78 106 89 51 78 48 65 120 77 106 89 117 89 50 57 116 73 105 119 105 99 71 70 122 99 51 100 118 99 109 81 105 79 105 73 48 77 68 77 120 77 122 73 52 77 68 81 105 76 67 74 68 99 109 86 104 100 71 86 107 81 88 81 105 79 105 73 121 77 68 73 119 76 84 65 48 76 84 69 52 86 68 69 121 79 106 65 52 79 106 85 50 87 105 73 115 73 108 86 119 90 71 70 48 90 87 82 66 100 67 73 54 73 106 73 119 77 106 65 116 77 68 81 116 77 84 104 85 77 84 73 54 77 68 103 54 78 84 90 97 73 110 49 100 34]]
[INFO][user.go:93]2020/04/21 12:29:57 [userList: []]
[INFO][redis.go:73]2020/04/21 12:29:58 [reply: [34 87 51 115 105 97 87 81 105 79 106 69 115 73 109 53 104 98 87 85 105 79 105 76 111 116 98 88 107 118 90 122 109 114 97 89 105 76 67 74 108 98 87 70 112 98 67 73 54 73 109 100 104 98 50 90 104 98 109 82 112 77 84 73 122 78 106 89 51 78 48 65 120 77 106 89 117 89 50 57 116 73 105 119 105 99 71 70 122 99 51 100 118 99 109 81 105 79 105 73 48 77 68 77 120 77 122 73 52 77 68 81 105 76 67 74 68 99 109 86 104 100 71 86 107 81 88 81 105 79 105 73 121 77 68 73 119 76 84 65 48 76 84 69 52 86 68 69 121 79 106 65 52 79 106 85 50 87 105 73 115 73 108 86 119 90 71 70 48 90 87 82 66 100 67 73 54 73 106 73 119 77 106 65 116 77 68 81 116 77 84 104 85 77 84 73 54 77 68 103 54 78 84 90 97 73 110 49 100 34]]
[INFO][user.go:93]2020/04/21 12:29:58 [userList: []]
